2025-08-13 22:38:19 [restartedMain] INFO  c.f.s.FerreteriaSistemaApplication - Starting FerreteriaSistemaApplication using Java 17.0.16 with PID 16644 (D:\Lenguajes\Proyecto-Lenguajes\ferreteria-sistema\target\classes started by franm in D:\Lenguajes\Proyecto-Lenguajes\ferreteria-sistema)
2025-08-13 22:38:19 [restartedMain] INFO  c.f.s.FerreteriaSistemaApplication - The following 2 profiles are active: "default", "@spring.profiles.active@"
2025-08-13 22:38:19 [restartedMain] INFO  o.s.b.d.restart.ChangeableUrls - The Class-Path manifest attribute in C:\Users\franm\.m2\repository\com\oracle\database\jdbc\ojdbc11\23.3.0.23.09\ojdbc11-23.3.0.23.09.jar referenced one or more files that do not exist: file:/C:/Users/franm/.m2/repository/com/oracle/database/jdbc/ojdbc11/23.3.0.23.09/oraclepki.jar
2025-08-13 22:38:19 [restartedMain] INFO  o.s.b.d.e.DevToolsPropertyDefaultsPostProcessor - Devtools property defaults active! Set 'spring.devtools.add-properties' to 'false' to disable
2025-08-13 22:38:19 [restartedMain] INFO  o.s.b.d.e.DevToolsPropertyDefaultsPostProcessor - For additional web related logging consider setting the 'logging.level.web' property to 'DEBUG'
2025-08-13 22:38:21 [restartedMain] INFO  o.s.d.r.c.RepositoryConfigurationDelegate - Bootstrapping Spring Data JPA repositories in DEFAULT mode.
2025-08-13 22:38:21 [restartedMain] INFO  o.s.d.r.c.RepositoryConfigurationDelegate - Finished Spring Data repository scanning in 69 ms. Found 6 JPA repository interfaces.
2025-08-13 22:38:22 [restartedMain] INFO  o.s.b.w.e.tomcat.TomcatWebServer - Tomcat initialized with port 8080 (http)
2025-08-13 22:38:22 [restartedMain] INFO  o.a.catalina.core.StandardService - Starting service [Tomcat]
2025-08-13 22:38:22 [restartedMain] INFO  o.a.catalina.core.StandardEngine - Starting Servlet engine: [Apache Tomcat/10.1.16]
2025-08-13 22:38:22 [restartedMain] INFO  o.a.c.c.C.[.[.[/ferreteria] - Initializing Spring embedded WebApplicationContext
2025-08-13 22:38:22 [restartedMain] INFO  o.s.b.w.s.c.ServletWebServerApplicationContext - Root WebApplicationContext: initialization completed in 2355 ms
2025-08-13 22:38:22 [restartedMain] INFO  o.h.jpa.internal.util.LogHelper - HHH000204: Processing PersistenceUnitInfo [name: default]
2025-08-13 22:38:22 [restartedMain] INFO  org.hibernate.Version - HHH000412: Hibernate ORM core version 6.3.1.Final
2025-08-13 22:38:22 [restartedMain] INFO  o.h.c.i.RegionFactoryInitiator - HHH000026: Second-level cache disabled
2025-08-13 22:38:23 [restartedMain] INFO  o.s.o.j.p.SpringPersistenceUnitInfo - No LoadTimeWeaver setup: ignoring JPA class transformer
2025-08-13 22:38:23 [restartedMain] INFO  com.zaxxer.hikari.HikariDataSource - HikariPool-1 - Starting...
2025-08-13 22:38:23 [restartedMain] INFO  com.zaxxer.hikari.pool.HikariPool - HikariPool-1 - Added connection oracle.jdbc.driver.T4CConnection@5674b1dd
2025-08-13 22:38:23 [restartedMain] INFO  com.zaxxer.hikari.HikariDataSource - HikariPool-1 - Start completed.
2025-08-13 22:38:23 [restartedMain] WARN  org.hibernate.orm.deprecation - HHH90000025: OracleDialect does not need to be specified explicitly using 'hibernate.dialect' (remove the property setting and it will be selected by default)
2025-08-13 22:38:25 [restartedMain] INFO  o.h.e.t.j.p.i.JtaPlatformInitiator - HHH000489: No JTA platform available (set 'hibernate.transaction.jta.platform' to enable JTA platform integration)
2025-08-13 22:38:25 [restartedMain] INFO  o.s.o.j.LocalContainerEntityManagerFactoryBean - Initialized JPA EntityManagerFactory for persistence unit 'default'
2025-08-13 22:38:26 [restartedMain] INFO  o.s.d.j.r.query.QueryEnhancerFactory - Hibernate is in classpath; If applicable, HQL parser will be used.
2025-08-13 22:38:28 [restartedMain] INFO  o.s.b.a.e.web.EndpointLinksResolver - Exposing 4 endpoint(s) beneath base path '/actuator'
2025-08-13 22:38:28 [restartedMain] INFO  o.s.s.web.DefaultSecurityFilterChain - Will secure any request with [org.springframework.security.web.session.DisableEncodeUrlFilter@64f6b41, org.springframework.security.web.context.request.async.WebAsyncManagerIntegrationFilter@370e1f7c, org.springframework.security.web.context.SecurityContextHolderFilter@7dfdb020, org.springframework.security.web.header.HeaderWriterFilter@55bf1106, org.springframework.web.filter.CorsFilter@136f41ca, org.springframework.security.web.csrf.CsrfFilter@5dafc996, org.springframework.security.web.authentication.logout.LogoutFilter@5461a139, org.springframework.security.web.authentication.UsernamePasswordAuthenticationFilter@6de40918, org.springframework.security.web.session.ConcurrentSessionFilter@3fb34d5e, org.springframework.security.web.savedrequest.RequestCacheAwareFilter@2f5d5e43, org.springframework.security.web.servletapi.SecurityContextHolderAwareRequestFilter@1f9bec16, org.springframework.security.web.authentication.rememberme.RememberMeAuthenticationFilter@754bcce2, org.springframework.security.web.authentication.AnonymousAuthenticationFilter@2362443c, org.springframework.security.web.session.SessionManagementFilter@78d768b3, org.springframework.security.web.access.ExceptionTranslationFilter@4dcaf25c, org.springframework.security.web.access.intercept.AuthorizationFilter@4a76d4d9]
2025-08-13 22:38:29 [restartedMain] INFO  o.s.b.d.a.OptionalLiveReloadServer - LiveReload server is running on port 35729
2025-08-13 22:38:29 [restartedMain] INFO  o.s.b.w.e.tomcat.TomcatWebServer - Tomcat started on port 8080 (http) with context path '/ferreteria'
2025-08-13 22:38:29 [restartedMain] INFO  c.f.s.FerreteriaSistemaApplication - Started FerreteriaSistemaApplication in 10.526 seconds (process running for 11.025)
2025-08-13 22:38:39 [http-nio-8080-exec-2] INFO  o.a.c.c.C.[.[.[/ferreteria] - Initializing Spring DispatcherServlet 'dispatcherServlet'
2025-08-13 22:38:39 [http-nio-8080-exec-2] INFO  o.s.web.servlet.DispatcherServlet - Initializing Servlet 'dispatcherServlet'
2025-08-13 22:38:39 [http-nio-8080-exec-2] INFO  o.s.web.servlet.DispatcherServlet - Completed initialization in 3 ms
2025-08-13 22:38:40 [http-nio-8080-exec-2] DEBUG o.s.security.web.FilterChainProxy - Securing GET /
2025-08-13 22:38:40 [http-nio-8080-exec-2] WARN  o.s.w.s.h.HandlerMappingIntrospector - Cache miss for REQUEST dispatch to '/ferreteria/' (previous null). Performing CorsConfiguration lookup. This is logged once only at WARN level, and every time at TRACE.
2025-08-13 22:38:40 [http-nio-8080-exec-2] DEBUG o.s.s.w.a.AnonymousAuthenticationFilter - Set SecurityContextHolder to anonymous SecurityContext
2025-08-13 22:38:40 [http-nio-8080-exec-2] WARN  o.s.w.s.h.HandlerMappingIntrospector - Cache miss for REQUEST dispatch to '/ferreteria/' (previous null). Performing MatchableHandlerMapping lookup. This is logged once only at WARN level, and every time at TRACE.
2025-08-13 22:38:40 [http-nio-8080-exec-2] DEBUG o.s.s.w.s.HttpSessionRequestCache - Saved request http://localhost:8080/ferreteria/?continue to session
2025-08-13 22:38:40 [http-nio-8080-exec-2] DEBUG o.s.s.web.DefaultRedirectStrategy - Redirecting to http://localhost:8080/ferreteria/login
2025-08-13 22:38:40 [http-nio-8080-exec-3] DEBUG o.s.security.web.FilterChainProxy - Securing GET /login
2025-08-13 22:38:40 [http-nio-8080-exec-3] DEBUG o.s.s.w.a.AnonymousAuthenticationFilter - Set SecurityContextHolder to anonymous SecurityContext
2025-08-13 22:38:40 [http-nio-8080-exec-3] DEBUG o.s.security.web.FilterChainProxy - Secured GET /login
2025-08-13 22:38:42 [http-nio-8080-exec-5] DEBUG o.s.security.web.FilterChainProxy - Securing POST /login
2025-08-13 22:38:43 [http-nio-8080-exec-5] DEBUG org.hibernate.SQL - 
    /* SELECT
        u 
    FROM
        Usuario u 
    JOIN
        
    FETCH
        u.rol 
    WHERE
        u.nombreUsuario = :nombreUsuario 
        OR u.email = :email */ select
            u1_0.IDUSUARIO,
            u1_0.ACTIVO,
            u1_0.APELLIDOS,
            u1_0.CONTRASENA,
            u1_0.EMAIL,
            u1_0.FECHA_CREACION,
            u1_0.FECHA_MODIFICACION,
            u1_0.INTENTOS_FALLIDOS,
            u1_0.NOMBRE,
            u1_0.NOMBREUSUARIO,
            u1_0.IDROL,
            r1_0.IDROL,
            r1_0.ACTIVO,
            r1_0.DESCRIPCION,
            r1_0.FECHA_CREACION,
            r1_0.FECHA_MODIFICACION,
            r1_0.NOMBRE,
            u1_0.TELEFONO,
            u1_0.ULTIMO_ACCESO 
        from
            USUARIOS u1_0 
        join
            ROLES r1_0 
                on r1_0.IDROL=u1_0.IDROL 
        where
            u1_0.NOMBREUSUARIO=? 
            or u1_0.EMAIL=?
2025-08-13 22:38:43 [http-nio-8080-exec-5] DEBUG o.s.s.a.d.DaoAuthenticationProvider - Authenticated user
2025-08-13 22:38:43 [http-nio-8080-exec-5] DEBUG o.s.s.w.a.s.ChangeSessionIdAuthenticationStrategy - Changed session id from 71AB104955248077A4E4210B7B2BB1F7
2025-08-13 22:38:43 [http-nio-8080-exec-5] DEBUG o.s.s.c.session.SessionRegistryImpl - Registering session 20533FF0BC5509999DBA8AF4D1D67D8D, for principal com.ferreteria.sistema.service.CustomUserDetailsService$CustomUserPrincipal@1ad1e775
2025-08-13 22:38:43 [http-nio-8080-exec-5] DEBUG o.s.s.w.c.CsrfAuthenticationStrategy - Replaced CSRF Token
2025-08-13 22:38:43 [http-nio-8080-exec-5] DEBUG o.s.s.w.c.HttpSessionSecurityContextRepository - Stored SecurityContextImpl [Authentication=UsernamePasswordAuthenticationToken [Principal=com.ferreteria.sistema.service.CustomUserDetailsService$CustomUserPrincipal@1ad1e775, Credentials=[PROTECTED], Authenticated=true, Details=WebAuthenticationDetails [RemoteIpAddress=0:0:0:0:0:0:0:1, SessionId=71AB104955248077A4E4210B7B2BB1F7], Granted Authorities=[ROLE_ADMINISTRADOR]]] to HttpSession [org.apache.catalina.session.StandardSessionFacade@2a15ff6]
2025-08-13 22:38:43 [http-nio-8080-exec-5] DEBUG o.s.s.w.a.UsernamePasswordAuthenticationFilter - Set SecurityContextHolder to UsernamePasswordAuthenticationToken [Principal=com.ferreteria.sistema.service.CustomUserDetailsService$CustomUserPrincipal@1ad1e775, Credentials=[PROTECTED], Authenticated=true, Details=WebAuthenticationDetails [RemoteIpAddress=0:0:0:0:0:0:0:1, SessionId=71AB104955248077A4E4210B7B2BB1F7], Granted Authorities=[ROLE_ADMINISTRADOR]]
2025-08-13 22:38:43 [http-nio-8080-exec-5] DEBUG o.s.s.w.a.r.TokenBasedRememberMeServices - Did not send remember-me cookie (principal did not set parameter 'remember-me')
2025-08-13 22:38:43 [http-nio-8080-exec-5] DEBUG o.s.s.w.a.r.TokenBasedRememberMeServices - Remember-me login not requested.
2025-08-13 22:38:43 [http-nio-8080-exec-6] DEBUG o.s.security.web.FilterChainProxy - Securing GET /dashboard
2025-08-13 22:38:43 [http-nio-8080-exec-6] DEBUG o.s.s.w.c.HttpSessionSecurityContextRepository - Retrieved SecurityContextImpl [Authentication=UsernamePasswordAuthenticationToken [Principal=com.ferreteria.sistema.service.CustomUserDetailsService$CustomUserPrincipal@1ad1e775, Credentials=[PROTECTED], Authenticated=true, Details=WebAuthenticationDetails [RemoteIpAddress=0:0:0:0:0:0:0:1, SessionId=71AB104955248077A4E4210B7B2BB1F7], Granted Authorities=[ROLE_ADMINISTRADOR]]]
2025-08-13 22:38:43 [http-nio-8080-exec-6] DEBUG o.s.s.w.a.r.RememberMeAuthenticationFilter - SecurityContextHolder not populated with remember-me token, as it already contained: 'UsernamePasswordAuthenticationToken [Principal=com.ferreteria.sistema.service.CustomUserDetailsService$CustomUserPrincipal@1ad1e775, Credentials=[PROTECTED], Authenticated=true, Details=WebAuthenticationDetails [RemoteIpAddress=0:0:0:0:0:0:0:1, SessionId=71AB104955248077A4E4210B7B2BB1F7], Granted Authorities=[ROLE_ADMINISTRADOR]]'
2025-08-13 22:38:43 [http-nio-8080-exec-6] DEBUG o.s.security.web.FilterChainProxy - Secured GET /dashboard
2025-08-13 22:38:43 [http-nio-8080-exec-7] DEBUG o.s.security.web.FilterChainProxy - Securing GET /js/dashboard-2193881d6ac0657f05578f9f4b9b64b9.js
2025-08-13 22:38:43 [http-nio-8080-exec-7] DEBUG o.s.s.w.c.HttpSessionSecurityContextRepository - Retrieved SecurityContextImpl [Authentication=UsernamePasswordAuthenticationToken [Principal=com.ferreteria.sistema.service.CustomUserDetailsService$CustomUserPrincipal@1ad1e775, Credentials=[PROTECTED], Authenticated=true, Details=WebAuthenticationDetails [RemoteIpAddress=0:0:0:0:0:0:0:1, SessionId=71AB104955248077A4E4210B7B2BB1F7], Granted Authorities=[ROLE_ADMINISTRADOR]]]
2025-08-13 22:38:43 [http-nio-8080-exec-7] DEBUG o.s.s.w.a.r.RememberMeAuthenticationFilter - SecurityContextHolder not populated with remember-me token, as it already contained: 'UsernamePasswordAuthenticationToken [Principal=com.ferreteria.sistema.service.CustomUserDetailsService$CustomUserPrincipal@1ad1e775, Credentials=[PROTECTED], Authenticated=true, Details=WebAuthenticationDetails [RemoteIpAddress=0:0:0:0:0:0:0:1, SessionId=71AB104955248077A4E4210B7B2BB1F7], Granted Authorities=[ROLE_ADMINISTRADOR]]'
2025-08-13 22:38:43 [http-nio-8080-exec-7] DEBUG o.s.security.web.FilterChainProxy - Secured GET /js/dashboard-2193881d6ac0657f05578f9f4b9b64b9.js
2025-08-13 22:38:43 [http-nio-8080-exec-9] DEBUG o.s.security.web.FilterChainProxy - Securing GET /api/productos
2025-08-13 22:38:43 [http-nio-8080-exec-8] DEBUG o.s.security.web.FilterChainProxy - Securing GET /api/clientes
2025-08-13 22:38:43 [http-nio-8080-exec-10] DEBUG o.s.security.web.FilterChainProxy - Securing GET /api/facturas
2025-08-13 22:38:43 [http-nio-8080-exec-9] DEBUG o.s.s.w.c.HttpSessionSecurityContextRepository - Retrieved SecurityContextImpl [Authentication=UsernamePasswordAuthenticationToken [Principal=com.ferreteria.sistema.service.CustomUserDetailsService$CustomUserPrincipal@1ad1e775, Credentials=[PROTECTED], Authenticated=true, Details=WebAuthenticationDetails [RemoteIpAddress=0:0:0:0:0:0:0:1, SessionId=71AB104955248077A4E4210B7B2BB1F7], Granted Authorities=[ROLE_ADMINISTRADOR]]]
2025-08-13 22:38:43 [http-nio-8080-exec-8] DEBUG o.s.s.w.c.HttpSessionSecurityContextRepository - Retrieved SecurityContextImpl [Authentication=UsernamePasswordAuthenticationToken [Principal=com.ferreteria.sistema.service.CustomUserDetailsService$CustomUserPrincipal@1ad1e775, Credentials=[PROTECTED], Authenticated=true, Details=WebAuthenticationDetails [RemoteIpAddress=0:0:0:0:0:0:0:1, SessionId=71AB104955248077A4E4210B7B2BB1F7], Granted Authorities=[ROLE_ADMINISTRADOR]]]
2025-08-13 22:38:43 [http-nio-8080-exec-9] DEBUG o.s.s.w.a.r.RememberMeAuthenticationFilter - SecurityContextHolder not populated with remember-me token, as it already contained: 'UsernamePasswordAuthenticationToken [Principal=com.ferreteria.sistema.service.CustomUserDetailsService$CustomUserPrincipal@1ad1e775, Credentials=[PROTECTED], Authenticated=true, Details=WebAuthenticationDetails [RemoteIpAddress=0:0:0:0:0:0:0:1, SessionId=71AB104955248077A4E4210B7B2BB1F7], Granted Authorities=[ROLE_ADMINISTRADOR]]'
2025-08-13 22:38:43 [http-nio-8080-exec-8] DEBUG o.s.s.w.a.r.RememberMeAuthenticationFilter - SecurityContextHolder not populated with remember-me token, as it already contained: 'UsernamePasswordAuthenticationToken [Principal=com.ferreteria.sistema.service.CustomUserDetailsService$CustomUserPrincipal@1ad1e775, Credentials=[PROTECTED], Authenticated=true, Details=WebAuthenticationDetails [RemoteIpAddress=0:0:0:0:0:0:0:1, SessionId=71AB104955248077A4E4210B7B2BB1F7], Granted Authorities=[ROLE_ADMINISTRADOR]]'
2025-08-13 22:38:43 [http-nio-8080-exec-10] DEBUG o.s.s.w.c.HttpSessionSecurityContextRepository - Retrieved SecurityContextImpl [Authentication=UsernamePasswordAuthenticationToken [Principal=com.ferreteria.sistema.service.CustomUserDetailsService$CustomUserPrincipal@1ad1e775, Credentials=[PROTECTED], Authenticated=true, Details=WebAuthenticationDetails [RemoteIpAddress=0:0:0:0:0:0:0:1, SessionId=71AB104955248077A4E4210B7B2BB1F7], Granted Authorities=[ROLE_ADMINISTRADOR]]]
2025-08-13 22:38:43 [http-nio-8080-exec-10] DEBUG o.s.s.w.a.r.RememberMeAuthenticationFilter - SecurityContextHolder not populated with remember-me token, as it already contained: 'UsernamePasswordAuthenticationToken [Principal=com.ferreteria.sistema.service.CustomUserDetailsService$CustomUserPrincipal@1ad1e775, Credentials=[PROTECTED], Authenticated=true, Details=WebAuthenticationDetails [RemoteIpAddress=0:0:0:0:0:0:0:1, SessionId=71AB104955248077A4E4210B7B2BB1F7], Granted Authorities=[ROLE_ADMINISTRADOR]]'
2025-08-13 22:38:43 [http-nio-8080-exec-9] DEBUG o.s.security.web.FilterChainProxy - Secured GET /api/productos
2025-08-13 22:38:43 [http-nio-8080-exec-8] DEBUG o.s.security.web.FilterChainProxy - Secured GET /api/clientes
2025-08-13 22:38:43 [http-nio-8080-exec-10] DEBUG o.s.security.web.FilterChainProxy - Secured GET /api/facturas
2025-08-13 22:38:43 [http-nio-8080-exec-10] DEBUG o.s.s.a.m.AuthorizationManagerBeforeMethodInterceptor - Authorizing method invocation ReflectiveMethodInvocation: public org.springframework.http.ResponseEntity com.ferreteria.sistema.controller.rest.FacturaRestController.listar(); target is of class [com.ferreteria.sistema.controller.rest.FacturaRestController]
2025-08-13 22:38:43 [http-nio-8080-exec-8] DEBUG o.s.s.a.m.AuthorizationManagerBeforeMethodInterceptor - Authorizing method invocation ReflectiveMethodInvocation: public org.springframework.http.ResponseEntity com.ferreteria.sistema.controller.rest.ClienteRestController.obtenerTodos(); target is of class [com.ferreteria.sistema.controller.rest.ClienteRestController]
2025-08-13 22:38:43 [http-nio-8080-exec-9] DEBUG o.s.s.a.m.AuthorizationManagerBeforeMethodInterceptor - Authorizing method invocation ReflectiveMethodInvocation: public org.springframework.http.ResponseEntity com.ferreteria.sistema.controller.rest.ProductoRestController.listar(java.lang.Boolean); target is of class [com.ferreteria.sistema.controller.rest.ProductoRestController]
2025-08-13 22:38:43 [http-nio-8080-exec-10] DEBUG o.s.s.a.m.AuthorizationManagerBeforeMethodInterceptor - Authorized method invocation ReflectiveMethodInvocation: public org.springframework.http.ResponseEntity com.ferreteria.sistema.controller.rest.FacturaRestController.listar(); target is of class [com.ferreteria.sistema.controller.rest.FacturaRestController]
2025-08-13 22:38:43 [http-nio-8080-exec-8] DEBUG o.s.s.a.m.AuthorizationManagerBeforeMethodInterceptor - Authorized method invocation ReflectiveMethodInvocation: public org.springframework.http.ResponseEntity com.ferreteria.sistema.controller.rest.ClienteRestController.obtenerTodos(); target is of class [com.ferreteria.sistema.controller.rest.ClienteRestController]
2025-08-13 22:38:43 [http-nio-8080-exec-9] DEBUG o.s.s.a.m.AuthorizationManagerBeforeMethodInterceptor - Authorized method invocation ReflectiveMethodInvocation: public org.springframework.http.ResponseEntity com.ferreteria.sistema.controller.rest.ProductoRestController.listar(java.lang.Boolean); target is of class [com.ferreteria.sistema.controller.rest.ProductoRestController]
